C51 COMPILER V9.54   UART                                                                  07/03/2021 16:33:47 PAGE 1   


C51 COMPILER V9.54, COMPILATION OF MODULE UART
OBJECT MODULE PLACED IN .\Objects\uart.obj
COMPILER INVOKED BY: C:\Keil_v5\C51\BIN\C51.EXE src\uart.c OPTIMIZE(8,SPEED) BROWSE DEBUG OBJECTEXTEND PRINT(.\Listings\
                    -uart.lst) TABS(2) OBJECT(.\Objects\uart.obj)

line level    source

   1          /************************************************************************************
   2          
   3          程序名称：串口1通讯函数（晶振频率11.0592MHz）  
   4          功能说明: 串口1初始化,字符发送与字符串发送函数,波特率9600bps
   5          
   6          ************************************************************************************/ 
   7          
   8          #include "stc15f2k60s2.h"
   9          #include "intrins.h"
  10          
  11          
  12          /*----------------------------
  13          串口初始化
  14          ----------------------------*/
  15          
  16          void UartInit(void)   //9600bps@18.432MHz
  17          {
  18   1      
  19   1        SCON = 0x50;    //8位数据,可变波特率
  20   1        AUXR = 0x15;    //定时器2时钟为Fosc,即1T
  21   1          T2L=(65536-11059200/4/9600);     
  22   1          T2H=(65536-11059200/4/9600)>>8; 
  23   1        ET1 = 0;      //禁止定时器1中断
  24   1        ES=1;
  25   1      
  26   1      }
  27          
  28          
  29          /*----------------------------
  30          发送串口数据
  31          ----------------------------*/
  32          void SendData(unsigned char ch)
  33          {
  34   1          SBUF = ch;                 //写数据到UART数据寄存器
  35   1          while(TI == 0);
  36   1          TI = 0;
  37   1      }
  38          
  39          /*----------------------------
  40          发送字符串
  41          ----------------------------*/
  42          void SendString(char *s)
  43          {
  44   1          while (*s)                  //检测字符串结束标志
  45   1          {
  46   2              SendData(*s++);         //发送当前字符
  47   2          }
  48   1      }
  49          
  50          


MODULE INFORMATION:   STATIC OVERLAYABLE
   CODE SIZE        =     62    ----
C51 COMPILER V9.54   UART                                                                  07/03/2021 16:33:47 PAGE 2   

   CONSTANT SIZE    =   ----    ----
   XDATA SIZE       =   ----    ----
   PDATA SIZE       =   ----    ----
   DATA SIZE        =   ----       3
   IDATA SIZE       =   ----    ----
   BIT SIZE         =   ----    ----
END OF MODULE INFORMATION.


C51 COMPILATION COMPLETE.  0 WARNING(S),  0 ERROR(S)
