C51 COMPILER V9.54   IO                                                                    04/20/2021 10:51:20 PAGE 1   


C51 COMPILER V9.54, COMPILATION OF MODULE IO
OBJECT MODULE PLACED IN .\Objects\IO.obj
COMPILER INVOKED BY: C:\Keil_v5\C51\BIN\C51.EXE IO.c OPTIMIZE(8,SPEED) BROWSE DEBUG OBJECTEXTEND PRINT(.\Listings\IO.lst
                    -) TABS(2) OBJECT(.\Objects\IO.obj)

line level    source

   1          #include<intrins.h>
   2          #include<reg52.h>
   3          #define uchar unsigned  char
   4          #define uint unsigned  int
   5          
   6          void  mDelay(uint Delay)
   7          {
   8   1          uint i;
   9   1          for (; Delay > 0; Delay--) {
  10   2              for (i = 0; i < 110; i++) {
  11   3              }
  12   2          }
  13   1      }
  14          
  15          void  main(void)
  16          {
  17   1          unsigned  char a,i;
  18   1          while (1)
  19   1          {
  20   2              a=0x01;
  21   2              for (i = 0; i < 8; i++) {
  22   3                  a=_crol_(a,1);
  23   3                  P2=a;
  24   3                  mDelay(500) ;
  25   3              }
  26   2          }
  27   1      }


MODULE INFORMATION:   STATIC OVERLAYABLE
   CODE SIZE        =     62    ----
   CONSTANT SIZE    =   ----    ----
   XDATA SIZE       =   ----    ----
   PDATA SIZE       =   ----    ----
   DATA SIZE        =   ----    ----
   IDATA SIZE       =   ----    ----
   BIT SIZE         =   ----    ----
END OF MODULE INFORMATION.


C51 COMPILATION COMPLETE.  0 WARNING(S),  0 ERROR(S)
