C51 COMPILER V9.54   IO                                                                    05/07/2021 16:15:56 PAGE 1   


C51 COMPILER V9.54, COMPILATION OF MODULE IO
OBJECT MODULE PLACED IN .\Objects\IO.obj
COMPILER INVOKED BY: C:\Keil_v5\C51\BIN\C51.EXE IO.c OPTIMIZE(8,SPEED) BROWSE DEBUG OBJECTEXTEND PRINT(.\Listings\IO.lst
                    -) TABS(2) OBJECT(.\Objects\IO.obj)

line level    source

   1          #include <reg51.h>
   2          sbit P1_0=P1^0;
   3          void main()
   4          {
   5   1          TMOD=0x02;
   6   1          TH0=0x06;TL0=0x06;
   7   1          EA=1;ET0=1;
   8   1          TR0=1;
   9   1          while(1);
  10   1      }
  11          void time0_int(void) interrupt 1
  12          {
  13   1          P1_0=!P1_0;
  14   1      }


MODULE INFORMATION:   STATIC OVERLAYABLE
   CODE SIZE        =     20    ----
   CONSTANT SIZE    =   ----    ----
   XDATA SIZE       =   ----    ----
   PDATA SIZE       =   ----    ----
   DATA SIZE        =   ----    ----
   IDATA SIZE       =   ----    ----
   BIT SIZE         =   ----    ----
END OF MODULE INFORMATION.


C51 COMPILATION COMPLETE.  0 WARNING(S),  0 ERROR(S)
